<?xml version="1.0" encoding="UTF-8"?>
<testsuite name="com.bci.evaluation.EvaluationApplicationTests" tests="1" skipped="0" failures="0" errors="0" timestamp="2025-12-04T20:57:49.072Z" hostname="CO-PF51BLNF" time="0.094">
  <properties/>
  <testcase name="contextLoads()" classname="com.bci.evaluation.EvaluationApplicationTests" time="0.094"/>
  <system-out><![CDATA[15:57:45.171 [Test worker] DEBUG org.springframework.test.context.BootstrapUtils - Instantiating CacheAwareContextLoaderDelegate from class [org.springframework.test.context.cache.DefaultCacheAwareContextLoaderDelegate]
15:57:45.180 [Test worker] DEBUG org.springframework.test.context.BootstrapUtils - Instantiating BootstrapContext using constructor [public org.springframework.test.context.support.DefaultBootstrapContext(java.lang.Class,org.springframework.test.context.CacheAwareContextLoaderDelegate)]
15:57:45.202 [Test worker] DEBUG org.springframework.test.context.BootstrapUtils - Instantiating TestContextBootstrapper for test class [com.bci.evaluation.EvaluationApplicationTests] from class [org.springframework.boot.test.context.SpringBootTestContextBootstrapper]
15:57:45.209 [Test worker] INFO org.springframework.boot.test.context.SpringBootTestContextBootstrapper - Neither @ContextConfiguration nor @ContextHierarchy found for test class [com.bci.evaluation.EvaluationApplicationTests], using SpringBootContextLoader
15:57:45.213 [Test worker] DEBUG org.springframework.test.context.support.AbstractContextLoader - Did not detect default resource location for test class [com.bci.evaluation.EvaluationApplicationTests]: class path resource [com/bci/evaluation/EvaluationApplicationTests-context.xml] does not exist
15:57:45.213 [Test worker] DEBUG org.springframework.test.context.support.AbstractContextLoader - Did not detect default resource location for test class [com.bci.evaluation.EvaluationApplicationTests]: class path resource [com/bci/evaluation/EvaluationApplicationTestsContext.groovy] does not exist
15:57:45.213 [Test worker] INFO org.springframework.test.context.support.AbstractContextLoader - Could not detect default resource locations for test class [com.bci.evaluation.EvaluationApplicationTests]: no resource found for suffixes {-context.xml, Context.groovy}.
15:57:45.213 [Test worker] INFO org.springframework.test.context.support.AnnotationConfigContextLoaderUtils - Could not detect default configuration classes for test class [com.bci.evaluation.EvaluationApplicationTests]: EvaluationApplicationTests does not declare any static, non-private, non-final, nested classes annotated with @Configuration.
15:57:45.244 [Test worker] DEBUG org.springframework.test.context.support.ActiveProfilesUtils - Could not find an 'annotation declaring class' for annotation type [org.springframework.test.context.ActiveProfiles] and class [com.bci.evaluation.EvaluationApplicationTests]
15:57:45.282 [Test worker] DEBUG org.springframework.context.annotation.ClassPathScanningCandidateComponentProvider - Identified candidate component class: file [C:\Users\andres.gonzalez3\Documents\Repositories\bci\bci-evaluation\build\classes\java\main\com\bci\evaluation\EvaluationApplication.class]
15:57:45.282 [Test worker] INFO org.springframework.boot.test.context.SpringBootTestContextBootstrapper - Found @SpringBootConfiguration com.bci.evaluation.EvaluationApplication for test class com.bci.evaluation.EvaluationApplicationTests
15:57:45.346 [Test worker] DEBUG org.springframework.boot.test.context.SpringBootTestContextBootstrapper - @TestExecutionListeners is not present for class [com.bci.evaluation.EvaluationApplicationTests]: using defaults.
15:57:45.346 [Test worker] INFO org.springframework.boot.test.context.SpringBootTestContextBootstrapper - Loaded default TestExecutionListener class names from location [META-INF/spring.factories]: [org.springframework.security.test.context.support.WithSecurityContextTestExecutionListener, org.springframework.security.test.context.support.ReactorContextTestExecutionListener, org.springframework.boot.test.autoconfigure.restdocs.RestDocsTestExecutionListener, org.springframework.boot.test.autoconfigure.web.client.MockRestServiceServerResetTestExecutionListener, org.springframework.boot.test.autoconfigure.web.servlet.MockMvcPrintOnlyOnFailureTestExecutionListener, org.springframework.boot.test.autoconfigure.web.servlet.WebDriverTestExecutionListener, org.springframework.boot.test.autoconfigure.webservices.client.MockWebServiceServerTestExecutionListener, org.springframework.boot.test.mock.mockito.MockitoTestExecutionListener, org.springframework.boot.test.mock.mockito.ResetMocksTestExecutionListener, org.springframework.test.context.web.ServletTestExecutionListener, org.springframework.test.context.support.DirtiesContextBeforeModesTestExecutionListener, org.springframework.test.context.event.ApplicationEventsTestExecutionListener, org.springframework.test.context.support.DependencyInjectionTestExecutionListener, org.springframework.test.context.support.DirtiesContextTestExecutionListener, org.springframework.test.context.transaction.TransactionalTestExecutionListener, org.springframework.test.context.jdbc.SqlScriptsTestExecutionListener, org.springframework.test.context.event.EventPublishingTestExecutionListener]
15:57:45.409 [Test worker] INFO org.springframework.boot.test.context.SpringBootTestContextBootstrapper - Using TestExecutionListeners: [org.springframework.test.context.web.ServletTestExecutionListener@5cad8b7d, org.springframework.test.context.support.DirtiesContextBeforeModesTestExecutionListener@7b02e036, org.springframework.test.context.event.ApplicationEventsTestExecutionListener@25243bc1, org.springframework.boot.test.mock.mockito.MockitoTestExecutionListener@1e287667, org.springframework.boot.test.autoconfigure.SpringBootDependencyInjectionTestExecutionListener@2e6ee0bc, org.springframework.test.context.support.DirtiesContextTestExecutionListener@4201a617, org.springframework.test.context.transaction.TransactionalTestExecutionListener@467f77a5, org.springframework.test.context.jdbc.SqlScriptsTestExecutionListener@1bb9aa43, org.springframework.security.test.context.support.WithSecurityContextTestExecutionListener@420bc288, org.springframework.test.context.event.EventPublishingTestExecutionListener@df5f5c0, org.springframework.security.test.context.support.ReactorContextTestExecutionListener@308a6984, org.springframework.boot.test.autoconfigure.restdocs.RestDocsTestExecutionListener@66b72664, org.springframework.boot.test.autoconfigure.web.client.MockRestServiceServerResetTestExecutionListener@7a34b7b8, org.springframework.boot.test.autoconfigure.web.servlet.MockMvcPrintOnlyOnFailureTestExecutionListener@58cd06cb, org.springframework.boot.test.autoconfigure.web.servlet.WebDriverTestExecutionListener@3be8821f, org.springframework.boot.test.autoconfigure.webservices.client.MockWebServiceServerTestExecutionListener@64b31700, org.springframework.boot.test.mock.mockito.ResetMocksTestExecutionListener@3b65e559]
15:57:45.418 [Test worker] DEBUG org.springframework.test.context.support.AbstractDirtiesContextTestExecutionListener - Before test class: context [DefaultTestContext@71652c98 testClass = EvaluationApplicationTests, testInstance = [null], testMethod = [null], testException = [null], mergedContextConfiguration = [WebMergedContextConfiguration@51bde877 testClass = EvaluationApplicationTests, locations = '{}', classes = '{class com.bci.evaluation.EvaluationApplication}', contextInitializerClasses = '[]', activeProfiles = '{}', propertySourceLocations = '{}', propertySourceProperties = '{org.springframework.boot.test.context.SpringBootTestContextBootstrapper=true}', contextCustomizers = set[org.springframework.boot.test.autoconfigure.actuate.metrics.MetricsExportContextCustomizerFactory$DisableMetricExportContextCustomizer@27953a83, org.springframework.boot.test.autoconfigure.properties.PropertyMappingContextCustomizer@0, org.springframework.boot.test.autoconfigure.web.servlet.WebDriverContextCustomizerFactory$Customizer@3d484181, org.springframework.boot.test.context.filter.ExcludeFilterContextCustomizer@37bd68c3, org.springframework.boot.test.json.DuplicateJsonObjectContextCustomizerFactory$DuplicateJsonObjectContextCustomizer@4721d212, org.springframework.boot.test.mock.mockito.MockitoContextCustomizer@0, org.springframework.boot.test.web.client.TestRestTemplateContextCustomizer@4c37b5b, org.springframework.boot.test.context.SpringBootTestArgs@1, org.springframework.boot.test.context.SpringBootTestWebEnvironment@3fc79729], resourceBasePath = 'src/main/webapp', contextLoader = 'org.springframework.boot.test.context.SpringBootContextLoader', parent = [null]], attributes = map['org.springframework.test.context.web.ServletTestExecutionListener.activateListener' -> true]], class annotated with @DirtiesContext [false] with mode [null].

  .   ____          _            __ _ _
 /\\ / ___'_ __ _ _(_)_ __  __ _ \ \ \ \
( ( )\___ | '_ | '_| | '_ \/ _` | \ \ \ \
 \\/  ___)| |_)| | | | | || (_| |  ) ) ) )
  '  |____| .__|_| |_|_| |_\__, | / / / /
 =========|_|==============|___/=/_/_/_/
 :: Spring Boot ::               (v2.5.14)

2025-12-04 15:57:45.665  INFO 31264 --- [    Test worker] c.b.e.EvaluationApplicationTests         : Starting EvaluationApplicationTests using Java 11.0.28 on CO-PF51BLNF with PID 31264 (started by andres.gonzalez3 in C:\Users\andres.gonzalez3\Documents\Repositories\bci\bci-evaluation)
2025-12-04 15:57:45.667  INFO 31264 --- [    Test worker] c.b.e.EvaluationApplicationTests         : No active profile set, falling back to 1 default profile: "default"
2025-12-04 15:57:46.306  INFO 31264 --- [    Test worker] .s.d.r.c.RepositoryConfigurationDelegate : Bootstrapping Spring Data JPA repositories in DEFAULT mode.
2025-12-04 15:57:46.343  INFO 31264 --- [    Test worker] .s.d.r.c.RepositoryConfigurationDelegate : Finished Spring Data repository scanning in 39 ms. Found 3 JPA repository interfaces.
2025-12-04 15:57:46.687  INFO 31264 --- [    Test worker] com.zaxxer.hikari.HikariDataSource       : HikariPool-1 - Starting...
2025-12-04 15:57:46.825  INFO 31264 --- [    Test worker] com.zaxxer.hikari.HikariDataSource       : HikariPool-1 - Start completed.
2025-12-04 15:57:46.962  INFO 31264 --- [    Test worker] o.hibernate.jpa.internal.util.LogHelper  : HHH000204: Processing PersistenceUnitInfo [name: default]
2025-12-04 15:57:47.005  INFO 31264 --- [    Test worker] org.hibernate.Version                    : HHH000412: Hibernate ORM core version 5.4.33
2025-12-04 15:57:47.129  INFO 31264 --- [    Test worker] o.hibernate.annotations.common.Version   : HCANN000001: Hibernate Commons Annotations {5.1.2.Final}
2025-12-04 15:57:47.240  INFO 31264 --- [    Test worker] org.hibernate.dialect.Dialect            : HHH000400: Using dialect: org.hibernate.dialect.H2Dialect
2025-12-04 15:57:47.692  INFO 31264 --- [    Test worker] o.h.e.t.j.p.i.JtaPlatformInitiator       : HHH000490: Using JtaPlatform implementation: [org.hibernate.engine.transaction.jta.platform.internal.NoJtaPlatform]
2025-12-04 15:57:47.696  INFO 31264 --- [    Test worker] j.LocalContainerEntityManagerFactoryBean : Initialized JPA EntityManagerFactory for persistence unit 'default'
2025-12-04 15:57:48.132  INFO 31264 --- [    Test worker] o.s.s.p.JdbcUserDetailsManager           : No authentication manager set. Reauthentication of users when changing passwords will not be performed.
2025-12-04 15:57:48.297  INFO 31264 --- [    Test worker] o.s.s.web.DefaultSecurityFilterChain     : Will not secure any request
2025-12-04 15:57:48.485  WARN 31264 --- [    Test worker] JpaBaseConfiguration$JpaWebConfiguration : spring.jpa.open-in-view is enabled by default. Therefore, database queries may be performed during view rendering. Explicitly configure spring.jpa.open-in-view to disable this warning
2025-12-04 15:57:48.738  INFO 31264 --- [    Test worker] o.s.b.a.h2.H2ConsoleAutoConfiguration    : H2 console available at '/h2-console'. Database available at 'jdbc:h2:mem:testdb'
2025-12-04 15:57:49.056  INFO 31264 --- [    Test worker] c.b.e.EvaluationApplicationTests         : Started EvaluationApplicationTests in 3.61 seconds (JVM running for 4.852)
]]></system-out>
  <system-err><![CDATA[]]></system-err>
</testsuite>
